[1122/125147.200:ERROR:directory_reader_win.cc(43)] FindFirstFile: The system cannot find the path specified. (0x3)
[1123/190140.622:ERROR:filesystem_win.cc(129)] GetFileAttributes C:\Users\ANUSHA\AppData\Local\Google\Chrome\User Data\Crashpad\attachments\d12ec00d-0c1a-487a-b461-bfc5b4098267: The system cannot find the path specified. (0x3)
[1123/190140.642:ERROR:directory_reader_win.cc(43)] FindFirstFile: The system cannot find the path specified. (0x3)
[1124/183915.321:ERROR:directory_reader_win.cc(43)] FindFirstFile: The system cannot find the path specified. (0x3)
[1128/193817.227:ERROR:directory_reader_win.cc(43)] FindFirstFile: The system cannot find the path specified. (0x3)
[1128/211420.371:ERROR:directory_reader_win.cc(43)] FindFirstFile: The system cannot find the path specified. (0x3)
[1128/212557.244:ERROR:directory_reader_win.cc(43)] FindFirstFile: The system cannot find the path specified. (0x3)
[1129/165535.872:ERROR:directory_reader_win.cc(43)] FindFirstFile: The system cannot find the path specified. (0x3)
[1130/190926.368:ERROR:directory_reader_win.cc(43)] FindFirstFile: The system cannot find the path specified. (0x3)
[1203/141134.370:ERROR:directory_reader_win.cc(43)] FindFirstFile: The system cannot find the path specified. (0x3)
[1203/143844.444:ERROR:directory_reader_win.cc(43)] FindFirstFile: The system cannot find the path specified. (0x3)
[1207/203623.811:ERROR:directory_reader_win.cc(43)] FindFirstFile: The system cannot find the path specified. (0x3)
[1208/140551.386:ERROR:directory_reader_win.cc(43)] FindFirstFile: The system cannot find the path specified. (0x3)
[1208/141406.282:ERROR:process_info.cc(359)] UncheckedAllocate
[1208/142724.435:ERROR:directory_reader_win.cc(43)] FindFirstFile: The system cannot find the path specified. (0x3)
[1208/234635.233:ERROR:directory_reader_win.cc(43)] FindFirstFile: The system cannot find the path specified. (0x3)
[1209/001239.109:ERROR:scoped_process_suspend.cc(31)] NtSuspendProcess: An attempt was made to access an exiting process. (0xc000010a)
[1209/001239.110:ERROR:process_info.cc(118)] ReadProcessMemory bool __cdecl crashpad::(anonymous namespace)::ReadStruct(HANDLE, crashpad::WinVMAddress, T *) [T = crashpad::process_types::PEB<crashpad::process_types::internal::Traits64>]: Only part of a ReadProcessMemory or WriteProcessMemory request was completed. (0x12B)
[1209/001239.110:ERROR:process_info.cc(551)] ReadProcessData failed
[1213/221204.330:ERROR:directory_reader_win.cc(43)] FindFirstFile: The system cannot find the path specified. (0x3)
[1213/233146.142:ERROR:directory_reader_win.cc(43)] FindFirstFile: The system cannot find the path specified. (0x3)
[1213/235238.751:ERROR:process_info.cc(359)] UncheckedAllocate
[1213/235243.637:ERROR:process_info.cc(359)] UncheckedAllocate
[1214/000732.999:ERROR:directory_reader_win.cc(43)] FindFirstFile: The system cannot find the path specified. (0x3)
[1215/023545.969:ERROR:directory_reader_win.cc(43)] FindFirstFile: The system cannot find the path specified. (0x3)
[1215/083618.403:ERROR:directory_reader_win.cc(43)] FindFirstFile: The system cannot find the path specified. (0x3)
[1215/125230.577:ERROR:directory_reader_win.cc(43)] FindFirstFile: The system cannot find the path specified. (0x3)
[1216/222444.398:ERROR:directory_reader_win.cc(43)] FindFirstFile: The system cannot find the path specified. (0x3)
[1217/115722.982:ERROR:directory_reader_win.cc(43)] FindFirstFile: The system cannot find the path specified. (0x3)
[1219/083526.875:ERROR:directory_reader_win.cc(43)] FindFirstFile: The system cannot find the path specified. (0x3)
[1221/124244.975:ERROR:directory_reader_win.cc(43)] FindFirstFile: The system cannot find the path specified. (0x3)
[1221/153854.470:ERROR:process_info.cc(359)] UncheckedAllocate
[1221/153901.071:ERROR:process_info.cc(359)] UncheckedAllocate
[1221/154520.503:ERROR:process_info.cc(359)] UncheckedAllocate
[1221/155354.234:ERROR:process_info.cc(359)] UncheckedAllocate
[1221/162353.369:ERROR:directory_reader_win.cc(43)] FindFirstFile: The system cannot find the path specified. (0x3)
[1223/131316.156:ERROR:directory_reader_win.cc(43)] FindFirstFile: The system cannot find the path specified. (0x3)
[0121/143703.102:ERROR:filesystem_win.cc(129)] GetFileAttributes C:\Users\ANUSHA\AppData\Local\Google\Chrome\User Data\Crashpad\attachments\19c34dc1-2de9-44aa-af61-dece0e667e89: The system cannot find the path specified. (0x3)
[0121/143703.103:ERROR:filesystem_win.cc(129)] GetFileAttributes C:\Users\ANUSHA\AppData\Local\Google\Chrome\User Data\Crashpad\attachments\286c5567-337d-4925-99d6-dea27cd80688: The system cannot find the path specified. (0x3)
[0121/143703.164:ERROR:directory_reader_win.cc(43)] FindFirstFile: The system cannot find the path specified. (0x3)
